[2013-05-08 11:10:13.482] [INFO] \node_modules\pomelo\lib\application.js - application inited: "connector-server-1"
[2013-05-08 11:10:13.960] [INFO] console - info: 'socket.io started'
[2013-05-08 11:10:13.982] [INFO] console - [32m[2013-05-08 11:10:13.981] [INFO] \node_modules\pomelo\node_modules\pomelo-admin\lib\consoleService.js - [39mtry to connect master: "connector", "127.0.0.1", 3005
[2013-05-08 11:10:14.032] [INFO] \node_modules\pomelo\lib\application.js - "connector-server-1" enter after start...
[2013-05-08 11:10:14.038] [INFO] \node_modules\pomelo\lib\application.js - "connector-server-1" finish start
[2013-05-08 11:15:39.644] [INFO] \node_modules\pomelo\lib\application.js - application inited: "connector-server-1"
[2013-05-08 11:15:40.742] [INFO] console - info: 'socket.io started'
[2013-05-08 11:15:40.765] [INFO] console - [32m[2013-05-08 11:15:40.764] [INFO] \node_modules\pomelo\node_modules\pomelo-admin\lib\consoleService.js - [39mtry to connect master: "connector", "127.0.0.1", 3005
[2013-05-08 11:15:40.817] [INFO] \node_modules\pomelo\lib\application.js - "connector-server-1" enter after start...
[2013-05-08 11:15:40.822] [INFO] \node_modules\pomelo\lib\application.js - "connector-server-1" finish start
[2013-05-08 11:27:35.650] [INFO] \node_modules\pomelo\lib\application.js - application inited: "connector-server-1"
[2013-05-08 11:27:37.089] [INFO] console - info: 'socket.io started'
[2013-05-08 11:27:37.110] [INFO] console - [32m[2013-05-08 11:27:37.109] [INFO] \node_modules\pomelo\node_modules\pomelo-admin\lib\consoleService.js - [39mtry to connect master: "connector", "127.0.0.1", 3005
[2013-05-08 11:27:37.159] [INFO] \node_modules\pomelo\lib\application.js - "connector-server-1" enter after start...
[2013-05-08 11:27:37.164] [INFO] \node_modules\pomelo\lib\application.js - "connector-server-1" finish start
[2013-05-08 11:28:12.017] [INFO] \node_modules\pomelo\lib\application.js - application inited: "connector-server-1"
[2013-05-08 11:28:13.187] [INFO] console - info: 'socket.io started'
[2013-05-08 11:28:13.208] [INFO] console - [32m[2013-05-08 11:28:13.208] [INFO] \node_modules\pomelo\node_modules\pomelo-admin\lib\consoleService.js - [39mtry to connect master: "connector", "127.0.0.1", 3005
[2013-05-08 11:28:13.267] [INFO] \node_modules\pomelo\lib\application.js - "connector-server-1" enter after start...
[2013-05-08 11:28:22.868] [INFO] \node_modules\pomelo\lib\application.js - application inited: "connector-server-1"
[2013-05-08 11:28:23.376] [INFO] console - info: 'socket.io started'
[2013-05-08 11:28:23.404] [INFO] console - [32m[2013-05-08 11:28:23.403] [INFO] \node_modules\pomelo\node_modules\pomelo-admin\lib\consoleService.js - [39mtry to connect master: "connector", "127.0.0.1", 3005
[2013-05-08 11:28:23.454] [INFO] \node_modules\pomelo\lib\application.js - "connector-server-1" enter after start...
[2013-05-08 11:28:23.459] [INFO] \node_modules\pomelo\lib\application.js - "connector-server-1" finish start
[2013-05-08 11:29:20.240] [INFO] \node_modules\pomelo\lib\application.js - application inited: "connector-server-1"
[2013-05-08 11:29:20.881] [INFO] console - info: 'socket.io started'
[2013-05-08 11:29:20.902] [INFO] console - [32m[2013-05-08 11:29:20.902] [INFO] \node_modules\pomelo\node_modules\pomelo-admin\lib\consoleService.js - [39mtry to connect master: "connector", "127.0.0.1", 3005
[2013-05-08 11:29:20.957] [INFO] \node_modules\pomelo\lib\application.js - "connector-server-1" enter after start...
[2013-05-08 11:29:20.962] [INFO] \node_modules\pomelo\lib\application.js - "connector-server-1" finish start
[2013-05-08 11:29:31.662] [INFO] \node_modules\pomelo\lib\application.js - application inited: "connector-server-1"
[2013-05-08 11:29:32.260] [INFO] console - info: 'socket.io started'
[2013-05-08 11:29:32.287] [INFO] console - [32m[2013-05-08 11:29:32.286] [INFO] \node_modules\pomelo\node_modules\pomelo-admin\lib\consoleService.js - [39mtry to connect master: "connector", "127.0.0.1", 3005
[2013-05-08 11:29:32.344] [INFO] \node_modules\pomelo\lib\application.js - "connector-server-1" enter after start...
[2013-05-08 11:29:32.350] [INFO] \node_modules\pomelo\lib\application.js - "connector-server-1" finish start
[2013-05-08 11:29:46.921] [INFO] \node_modules\pomelo\lib\application.js - application inited: "connector-server-1"
[2013-05-08 11:29:47.649] [INFO] console - info: 'socket.io started'
[2013-05-08 11:29:47.653] [ERROR] console -  Caught exception: Error: listen EADDRINUSE
    at errnoException (net.js:884:11)
    at Server._listen2 (net.js:1022:14)
    at listen (net.js:1044:10)
    at Server.listen (net.js:1110:5)
    at Object.exports.listen (F:\panchao\nodeproject\helloworld\game-server\node_modules\pomelo\node_modules\socket.io\lib\socket.io.js:74:12)
    at pro.listen (F:\panchao\nodeproject\helloworld\game-server\node_modules\pomelo\node_modules\pomelo-rpc\lib\rpc-server\acceptors\ws-acceptor.js:29:21)
    at pro.start (F:\panchao\nodeproject\helloworld\game-server\node_modules\pomelo\node_modules\pomelo-rpc\lib\rpc-server\gateway.js:42:17)
    at pro.start (F:\panchao\nodeproject\helloworld\game-server\node_modules\pomelo\lib\components\remote.js:46:15)
    at F:\panchao\nodeproject\helloworld\game-server\node_modules\pomelo\lib\util\appUtil.js:82:19
    at iterate (F:\panchao\nodeproject\helloworld\game-server\node_modules\pomelo\node_modules\async\lib\async.js:123:13)
[2013-05-08 11:29:47.681] [INFO] console - [32m[2013-05-08 11:29:47.681] [INFO] \node_modules\pomelo\node_modules\pomelo-admin\lib\consoleService.js - [39mtry to connect master: "connector", "127.0.0.1", 3005
[2013-05-08 11:29:47.747] [INFO] \node_modules\pomelo\lib\application.js - "connector-server-1" enter after start...
[2013-05-08 11:29:47.750] [ERROR] console -  Caught exception: Error: listen EADDRINUSE
    at errnoException (net.js:884:11)
    at Server._listen2 (net.js:1022:14)
    at listen (net.js:1044:10)
    at Server.listen (net.js:1110:5)
    at Connector.start (F:\panchao\nodeproject\helloworld\game-server\node_modules\pomelo\lib\connectors\hybridconnector.js:71:20)
    at Component.afterStart (F:\panchao\nodeproject\helloworld\game-server\node_modules\pomelo\lib\components\connector.js:54:18)
    at F:\panchao\nodeproject\helloworld\game-server\node_modules\pomelo\lib\util\appUtil.js:82:19
    at iterate (F:\panchao\nodeproject\helloworld\game-server\node_modules\pomelo\node_modules\async\lib\async.js:123:13)
    at process._tickCallback (node.js:415:13)
[2013-05-08 11:29:47.751] [INFO] \node_modules\pomelo\lib\application.js - "connector-server-1" finish start
[2013-05-08 11:34:23.064] [ERROR] console -  Caught exception: Error: Not running
    at Server.close (net.js:1208:11)
    at Connector.stop (F:\panchao\nodeproject\helloworld\game-server\node_modules\pomelo\lib\connectors\hybridconnector.js:77:18)
    at Component.stop (F:\panchao\nodeproject\helloworld\game-server\node_modules\pomelo\lib\components\connector.js:65:20)
    at Object.module.exports.stopComps (F:\panchao\nodeproject\helloworld\game-server\node_modules\pomelo\lib\util\appUtil.js:59:10)
    at Object.module.exports.stopComps (F:\panchao\nodeproject\helloworld\game-server\node_modules\pomelo\lib\util\appUtil.js:64:20)
    at F:\panchao\nodeproject\helloworld\game-server\node_modules\pomelo\lib\util\appUtil.js:61:22
    at process._tickCallback (node.js:415:13)
[2013-05-08 14:38:42.415] [INFO] \node_modules\pomelo\lib\application.js - application inited: "connector-server-1"
[2013-05-08 14:38:45.198] [INFO] console - info: 'socket.io started'
[2013-05-08 14:38:45.237] [INFO] console - [32m[2013-05-08 14:38:45.237] [INFO] \node_modules\pomelo\node_modules\pomelo-admin\lib\consoleService.js - [39mtry to connect master: "connector", "127.0.0.1", 3005
[2013-05-08 14:38:45.299] [INFO] \node_modules\pomelo\lib\application.js - "connector-server-1" enter after start...
[2013-05-08 14:38:45.304] [INFO] \node_modules\pomelo\lib\application.js - "connector-server-1" finish start
[2013-05-08 14:50:42.158] [INFO] \node_modules\pomelo\lib\application.js - application inited: "connector-server-1"
[2013-05-08 14:50:43.005] [INFO] console - info: 'socket.io started'
[2013-05-08 14:50:43.059] [ERROR] console -  Caught exception: Error: Cannot find module 'v8-profiler'
    at Function.Module._resolveFilename (module.js:338:15)
    at Function.Module._load (module.js:280:25)
    at Module.require (module.js:364:17)
    at require (module.js:380:17)
    at Object.<anonymous> (F:\panchao\nodeproject\helloworld\game-server\node_modules\pomelo\node_modules\pomelo-admin\lib\modules\profiler.js:3:16)
    at Module._compile (module.js:456:26)
    at Object.Module._extensions..js (module.js:474:10)
    at Module.load (module.js:356:32)
    at Function.Module._load (module.js:312:12)
    at Module.require (module.js:364:17)
[2013-05-08 14:52:32.826] [INFO] \node_modules\pomelo\lib\application.js - application inited: "connector-server-1"
[2013-05-08 14:52:33.459] [INFO] console - info: 'socket.io started'
[2013-05-08 14:52:33.491] [INFO] console - [32m[2013-05-08 14:52:33.488] [INFO] \node_modules\pomelo\node_modules\pomelo-admin\lib\consoleService.js - [39mtry to connect master: "connector", "127.0.0.1", 3005
[2013-05-08 14:52:33.558] [INFO] \node_modules\pomelo\lib\application.js - "connector-server-1" enter after start...
[2013-05-08 14:52:33.570] [INFO] \node_modules\pomelo\lib\application.js - "connector-server-1" finish start
[2013-05-08 14:53:35.408] [INFO] \node_modules\pomelo\lib\application.js - application inited: "connector-server-1"
[2013-05-08 14:53:36.185] [INFO] console - info: 'socket.io started'
[2013-05-08 14:53:36.241] [ERROR] console -  Caught exception: Error: Cannot find module 'v8-profiler'
    at Function.Module._resolveFilename (module.js:338:15)
    at Function.Module._load (module.js:280:25)
    at Module.require (module.js:364:17)
    at require (module.js:380:17)
    at Object.<anonymous> (F:\panchao\nodeproject\helloworld\game-server\node_modules\pomelo\node_modules\pomelo-admin\lib\modules\profiler.js:3:16)
    at Module._compile (module.js:456:26)
    at Object.Module._extensions..js (module.js:474:10)
    at Module.load (module.js:356:32)
    at Function.Module._load (module.js:312:12)
    at Module.require (module.js:364:17)
[2013-05-08 14:59:46.147] [INFO] \node_modules\pomelo\lib\application.js - application inited: "connector-server-1"
[2013-05-08 14:59:46.851] [INFO] console - info: 'socket.io started'
[2013-05-08 14:59:46.881] [INFO] console - [32m[2013-05-08 14:59:46.881] [INFO] \node_modules\pomelo\node_modules\pomelo-admin\lib\consoleService.js - [39mtry to connect master: "connector", "127.0.0.1", 3005
[2013-05-08 14:59:46.949] [INFO] \node_modules\pomelo\lib\application.js - "connector-server-1" enter after start...
[2013-05-08 14:59:46.954] [INFO] \node_modules\pomelo\lib\application.js - "connector-server-1" finish start
[2013-05-08 15:11:13.825] [INFO] \node_modules\pomelo\lib\application.js - application inited: "connector-server-1"
[2013-05-08 15:11:14.334] [INFO] console - info: 'socket.io started'
[2013-05-08 15:11:14.357] [INFO] console - [32m[2013-05-08 15:11:14.356] [INFO] \node_modules\pomelo\node_modules\pomelo-admin\lib\consoleService.js - [39mtry to connect master: "connector", "127.0.0.1", 3005
[2013-05-08 15:11:14.400] [INFO] \node_modules\pomelo\lib\application.js - "connector-server-1" enter after start...
[2013-05-08 15:11:14.406] [INFO] \node_modules\pomelo\lib\application.js - "connector-server-1" finish start
